2026-06-24 21:11:48,890 DEBUG [flink_migration_skill.cli] config.py:269 Logging to /Users/jerome/Documents/Code/migration-to-flink-skills/flink-skill-common/harness/logs/ksql-flink-cli.log (level=DEBUG)
2026-06-24 21:11:48,908 INFO [flink_migration_skill.cli] convergence.py:152 Convergence attempt 1 of 2 for table=my_table
2026-06-24 21:11:48,909 INFO [flink_migration_skill.cli] convergence.py:152 Convergence attempt 1 of 1 for table=my_table
2026-06-24 21:11:48,909 ERROR [flink_migration_skill.cli] sql_validate.py:166 SQL validation error [ddl#0]: Expecting )
2026-06-24 21:11:48,910 INFO [flink_migration_skill.cli] convergence.py:152 Convergence attempt 1 of 1 for table=my_table
2026-06-24 21:11:48,911 INFO [flink_migration_skill.cli] convergence.py:226 Deploying table=my_table ddl=/private/var/folders/xm/fv3xp5152cv47n_qnfs797z00000gn/T/pytest-of-jerome/pytest-100/test_converge_deploy_success0/ddl.my_table.sql dml=/private/var/folders/xm/fv3xp5152cv47n_qnfs797z00000gn/T/pytest-of-jerome/pytest-100/test_converge_deploy_success0/dml.my_table.sql
2026-06-24 21:11:48,911 INFO [flink_migration_skill.cli] convergence.py:152 Convergence attempt 1 of 1 for table=my_table
2026-06-24 21:11:48,912 INFO [flink_migration_skill.cli] convergence.py:226 Deploying table=my_table ddl=/private/var/folders/xm/fv3xp5152cv47n_qnfs797z00000gn/T/pytest-of-jerome/pytest-100/test_converge_deploy_error_wit0/ddl.my_table.sql dml=/private/var/folders/xm/fv3xp5152cv47n_qnfs797z00000gn/T/pytest-of-jerome/pytest-100/test_converge_deploy_error_wit0/dml.my_table.sql
2026-06-24 21:11:48,912 ERROR [flink_migration_skill.cli] convergence.py:232 Deploy failed for table=my_table: DDL failed
Traceback (most recent call last):
  File "/Users/jerome/Documents/Code/migration-to-flink-skills/flink-skill-common/harness/src/flink_skill_common/convergence.py", line 228, in converge_flink_sql
    result = FlinkStatementManager().deploy_table(
             ^^^^^^^^^^^^^^^^^^^^^^^^^^^^^^^^^^^^^
  File "/Users/jerome/.local/share/uv/python/cpython-3.12.12-macos-aarch64-none/lib/python3.12/unittest/mock.py", line 1139, in __call__
    return self._mock_call(*args, **kwargs)
           ^^^^^^^^^^^^^^^^^^^^^^^^^^^^^^^^
  File "/Users/jerome/.local/share/uv/python/cpython-3.12.12-macos-aarch64-none/lib/python3.12/unittest/mock.py", line 1143, in _mock_call
    return self._execute_mock_call(*args, **kwargs)
           ^^^^^^^^^^^^^^^^^^^^^^^^^^^^^^^^^^^^^^^^
  File "/Users/jerome/.local/share/uv/python/cpython-3.12.12-macos-aarch64-none/lib/python3.12/unittest/mock.py", line 1198, in _execute_mock_call
    raise effect
flink_skill_common.deploy.flink_statement_manager.DeployError: DDL failed
2026-06-24 21:11:48,914 INFO [flink_migration_skill.cli] convergence.py:152 Convergence attempt 1 of 2 for table=my_table
2026-06-24 21:11:48,914 ERROR [flink_migration_skill.cli] sql_validate.py:166 SQL validation error [ddl#0]: syntax error
2026-06-24 21:11:48,914 INFO [flink_migration_skill.cli] output.py:63 DDL: CREATE TABLE IF NOT EXISTS my_table (
    id INT
) DISTRIBUTED BY HASH(id) INTO 1 BUCKETS
WITH ('changelog.mode' = 'append');
2026-06-24 21:11:48,915 INFO [flink_migration_skill.cli] output.py:64 DML: INSERT INTO my_table SELECT id FROM src;
2026-06-24 21:11:48,915 INFO [flink_migration_skill.cli] convergence.py:152 Convergence attempt 2 of 2 for table=my_table
2026-06-24 21:11:48,915 INFO [flink_migration_skill.cli] convergence.py:226 Deploying table=my_table ddl=/private/var/folders/xm/fv3xp5152cv47n_qnfs797z00000gn/T/pytest-of-jerome/pytest-100/test_converge_agent_fix_on_off0/ddl.my_table.sql dml=/private/var/folders/xm/fv3xp5152cv47n_qnfs797z00000gn/T/pytest-of-jerome/pytest-100/test_converge_agent_fix_on_off0/dml.my_table.sql
2026-06-24 21:11:48,916 INFO [flink_migration_skill.cli] convergence.py:152 Convergence attempt 1 of 1 for table=my_table
2026-06-24 21:11:48,916 ERROR [flink_migration_skill.cli] sql_validate.py:166 SQL validation error [ddl#0]: syntax error
2026-06-24 21:11:48,994 INFO [flink_migration_skill.cli] output.py:63 DDL: CREATE TABLE IF NOT EXISTS t (id STRING, PRIMARY KEY (id) NOT ENFORCED);
2026-06-24 21:11:48,994 INFO [flink_migration_skill.cli] output.py:64 DML: INSERT INTO t SELECT id FROM src;
2026-06-24 21:11:48,994 INFO [flink_migration_skill.cli] output.py:63 DDL: 
2026-06-24 21:11:48,994 INFO [flink_migration_skill.cli] output.py:64 DML: 
2026-06-24 21:11:48,994 INFO [flink_migration_skill.cli] output.py:81 DDL: CREATE TABLE IF NOT EXISTS t (id STRING);
2026-06-24 21:11:48,994 INFO [flink_migration_skill.cli] output.py:82 DML: INSERT INTO t SELECT id FROM src;
2026-06-24 21:11:48,994 INFO [flink_migration_skill.cli] output.py:63 DDL: 
2026-06-24 21:11:48,994 INFO [flink_migration_skill.cli] output.py:64 DML: 
2026-06-24 21:11:48,995 INFO [flink_migration_skill.cli] output.py:91 DDL: CREATE TABLE IF NOT EXISTS t (id STRING);
2026-06-24 21:11:48,995 INFO [flink_migration_skill.cli] output.py:92 DML: INSERT INTO t SELECT id FROM src;
2026-06-24 21:11:48,996 WARNING [flink_migration_skill.cli] output.py:202 Duplicate ddl table 'foo' (2 statements): writing files with _N suffix
2026-06-24 21:11:48,999 INFO [flink_migration_skill.cli] output.py:63 DDL: 
2026-06-24 21:11:48,999 INFO [flink_migration_skill.cli] output.py:64 DML: 
2026-06-24 21:11:48,999 INFO [flink_migration_skill.cli] output.py:91 DDL: -- DDL for george_martin
CREATE TABLE IF NOT EXISTS publication_events (
    bookid BIGINT,
    author STRING,
    title STRING
) DISTRIBUTED BY HASH(bookid) INTO 1 BUCKETS
WITH (
    'connector' = 'kafka',
    'topic' = 'publication_events',
    'scan.startup.mode' = 'earliest-offset',
    'format' = 'json-registry',
    'json-registry.schema-context' = '.flink-dev',
    'scan.bounded.mode' = 'unbounded'
);

CREATE TABLE IF NOT EXISTS george_martin_books (
    bookid BIGINT,
    author STRING,
    title STRING,
    PRIMARY KEY (bookid) NOT ENFORCED
) DISTRIBUTED BY HASH(bookid) INTO 1 BUCKETS
WITH (
    'connector' = 'kafka',
    'topic' = 'george_martin_books',
    'scan.startup.mode' = 'earliest-offset',
    'format' = 'json-registry',
    'json-registry.schema-context' = '.flink-dev',
    'kafka.producer.compression.type' = 'snappy',
    'scan.bounded.mode' = 'unbounded'
);
2026-06-24 21:11:48,999 INFO [flink_migration_skill.cli] output.py:92 DML: -- DML for george_martin
INSERT INTO george_martin_books
SELECT
    bookid,
    author,
    title
FROM publication_events
WHERE author = 'George R. R. Martin';
2026-06-24 21:15:52,382 DEBUG [flink_migration_skill.cli] config.py:269 Logging to /Users/jerome/Documents/Code/migration-to-flink-skills/flink-skill-common/harness/logs/ksql-flink-cli.log (level=DEBUG)
2026-06-24 21:15:52,382 INFO [flink_migration_skill.cli] convergence.py:152 Convergence attempt 1 of 2 for table=my_table
